2024-01-25 20:34:08,605 [INFO] Activator:176 - 


2024-01-25 20:34:08,606 [INFO] Activator:177 - !SESSION log4j initialized
2024-01-25 20:34:11,103 [INFO] LogOutputStream:77 - [STDOUT_REDIRECT] 
2024-01-25 20:34:12,892 [INFO] ApplicationProperties:184 - Using Application install path: C:\ST\STM32CubeIDE_1.13.2\STM32CubeIDE\plugins\com.st.stm32cube.common.mx_6.9.2.202309101412
2024-01-25 20:34:12,913 [INFO] DbMcusXml:78 - Set database path to: C:\ST\STM32CubeIDE_1.13.2\STM32CubeIDE\plugins\com.st.stm32cube.common.mx_6.9.2.202309101412\\db\/mcu/
2024-01-25 20:34:12,913 [INFO] ApiDb:274 - Set plugin database path to: C:\ST\STM32CubeIDE_1.13.2\STM32CubeIDE\plugins\com.st.stm32cube.common.mx_6.9.2.202309101412\\db\/plugins/boardmanager/
2024-01-25 20:34:12,915 [WARN] ApiDb:259 - Overriding images path with different value:  => C:\ST\STM32CubeIDE_1.13.2\STM32CubeIDE\plugins\com.st.stm32cube.common.mx_6.9.2.202309101412\\db\/plugins/mcufinder/images/
2024-01-25 20:34:12,927 [INFO] ApiDb:250 - Set database path to: C:\Users\hamid\.stmcufinder\plugins\mcufinder//mcu/
2024-01-25 20:34:12,929 [INFO] DbMcusAds:125 - Set database path to: C:\Users\hamid\.stmcufinder\plugins\mcufinder//mcu/
2024-01-25 20:34:12,931 [INFO] CrossReferenceDbSqlite:203 - Set database path to: C:\Users\hamid\.stmcufinder\plugins\mcufinder//mcu/cs/
2024-01-25 20:34:13,076 [INFO] RulesReader:64 - Compatibility file has been processed (293 Rules)
2024-01-25 20:34:13,175 [INFO] DbMcusXml:78 - Set database path to: C:\ST\STM32CubeIDE_1.13.2\STM32CubeIDE\plugins\com.st.stm32cube.common.mx_6.9.2.202309101412\\db\/mcu/
2024-01-25 20:34:13,175 [INFO] ApiDb:274 - Set plugin database path to: C:\ST\STM32CubeIDE_1.13.2\STM32CubeIDE\plugins\com.st.stm32cube.common.mx_6.9.2.202309101412\\db\/plugins/boardmanager/
2024-01-25 20:34:13,175 [INFO] ApiDb:261 - Set plugin images path to: C:\ST\STM32CubeIDE_1.13.2\STM32CubeIDE\plugins\com.st.stm32cube.common.mx_6.9.2.202309101412\\db\/plugins/mcufinder/images/
2024-01-25 20:34:13,175 [WARN] DbFile:41 - Overriding database path with different value: C:\Users\hamid\.stmcufinder\plugins\mcufinder/ => C:\Users\hamid\.stmcufinder\plugins\mcufinder
2024-01-25 20:34:13,176 [INFO] ApiDb:250 - Set database path to: C:\Users\hamid\.stmcufinder\plugins\mcufinder//mcu/
2024-01-25 20:34:13,177 [WARN] DbFile:41 - Overriding database path with different value: C:\Users\hamid\.stmcufinder\plugins\mcufinder/ => C:\Users\hamid\.stmcufinder\plugins\mcufinder
2024-01-25 20:34:13,177 [INFO] DbMcusAds:125 - Set database path to: C:\Users\hamid\.stmcufinder\plugins\mcufinder//mcu/
2024-01-25 20:34:13,177 [WARN] DbFile:41 - Overriding database path with different value: C:\Users\hamid\.stmcufinder\plugins\mcufinder/ => C:\Users\hamid\.stmcufinder\plugins\mcufinder
2024-01-25 20:34:13,177 [WARN] DbFile:41 - Overriding database path with different value: C:\Users\hamid\.stmcufinder\plugins\mcufinder/ => C:\Users\hamid\.stmcufinder\plugins\mcufinder
2024-01-25 20:34:13,177 [INFO] CrossReferenceDbSqlite:203 - Set database path to: C:\Users\hamid\.stmcufinder\plugins\mcufinder//mcu/cs/
2024-01-25 20:34:13,274 [INFO] MainPanel:262 - HeapMemory: 268435456
2024-01-25 20:34:13,371 [INFO] DbMcusXml:78 - Set database path to: C:\ST\STM32CubeIDE_1.13.2\STM32CubeIDE\plugins\com.st.stm32cube.common.mx_6.9.2.202309101412\\db\/mcu/
2024-01-25 20:34:13,371 [INFO] ApiDb:274 - Set plugin database path to: C:\ST\STM32CubeIDE_1.13.2\STM32CubeIDE\plugins\com.st.stm32cube.common.mx_6.9.2.202309101412\\db\/plugins/boardmanager/
2024-01-25 20:34:13,371 [INFO] ApiDb:261 - Set plugin images path to: C:\ST\STM32CubeIDE_1.13.2\STM32CubeIDE\plugins\com.st.stm32cube.common.mx_6.9.2.202309101412\\db\/plugins/mcufinder/images/
2024-01-25 20:34:13,372 [WARN] DbFile:41 - Overriding database path with different value: C:\Users\hamid\.stmcufinder\plugins\mcufinder/ => C:\Users\hamid\.stmcufinder\plugins\mcufinder
2024-01-25 20:34:13,372 [INFO] ApiDb:250 - Set database path to: C:\Users\hamid\.stmcufinder\plugins\mcufinder//mcu/
2024-01-25 20:34:13,372 [WARN] DbFile:41 - Overriding database path with different value: C:\Users\hamid\.stmcufinder\plugins\mcufinder/ => C:\Users\hamid\.stmcufinder\plugins\mcufinder
2024-01-25 20:34:13,373 [INFO] DbMcusAds:125 - Set database path to: C:\Users\hamid\.stmcufinder\plugins\mcufinder//mcu/
2024-01-25 20:34:13,373 [WARN] DbFile:41 - Overriding database path with different value: C:\Users\hamid\.stmcufinder\plugins\mcufinder/ => C:\Users\hamid\.stmcufinder\plugins\mcufinder
2024-01-25 20:34:13,373 [WARN] DbFile:41 - Overriding database path with different value: C:\Users\hamid\.stmcufinder\plugins\mcufinder/ => C:\Users\hamid\.stmcufinder\plugins\mcufinder
2024-01-25 20:34:13,373 [INFO] CrossReferenceDbSqlite:203 - Set database path to: C:\Users\hamid\.stmcufinder\plugins\mcufinder//mcu/cs/
2024-01-25 20:34:13,397 [INFO] ApplicationProperties:184 - Using Application install path: C:\ST\STM32CubeIDE_1.13.2\STM32CubeIDE\plugins\com.st.stm32cube.common.mx_6.9.2.202309101412
2024-01-25 20:34:13,399 [INFO] PluginManage:196 - Search for loadable plugins [exclusion list=, ]
2024-01-25 20:34:13,402 [INFO] PluginManage:310 - Check plugin analytics
2024-01-25 20:34:13,600 [INFO] AnalyticsPlugin:253 - Accepted Software Licenses: 
2024-01-25 20:34:13,601 [INFO] AnalyticsPlugin:255 - Accepted CMSIS Pack Licenses: 
2024-01-25 20:34:13,601 [INFO] AnalyticsPlugin:257 - Accepted Firmware Licenses: 
2024-01-25 20:34:13,606 [INFO] PluginManage:359 - Loaded plugin analytics (category:tool,tabindex:-1)
2024-01-25 20:34:13,607 [INFO] PluginManage:310 - Check plugin cadmodel
2024-01-25 20:34:13,612 [INFO] CADModel:105 - Init CAD model plugin
2024-01-25 20:34:13,612 [INFO] PluginManage:359 - Loaded plugin cadmodel (category:power,tabindex:5)
2024-01-25 20:34:13,613 [INFO] PluginManage:310 - Check plugin clock
2024-01-25 20:34:13,623 [INFO] PluginManage:359 - Loaded plugin clock (category:base,tabindex:2)
2024-01-25 20:34:13,623 [INFO] PluginManage:310 - Check plugin ddr
2024-01-25 20:34:13,625 [INFO] PluginManage:359 - Loaded plugin ddr (category:tool,tabindex:6)
2024-01-25 20:34:13,625 [INFO] PluginManage:310 - Check plugin filemanager
2024-01-25 20:34:13,776 [INFO] PluginManage:359 - Loaded plugin filemanager (category:base,tabindex:10)
2024-01-25 20:34:13,777 [INFO] PluginManage:310 - Check plugin ipmanager
2024-01-25 20:34:13,785 [INFO] PluginManage:359 - Loaded plugin ipmanager (category:base,tabindex:5)
2024-01-25 20:34:13,785 [INFO] PluginManage:310 - Check plugin lpbam
2024-01-25 20:34:13,794 [INFO] PluginManage:359 - Loaded plugin lpbam (category:base,tabindex:0)
2024-01-25 20:34:13,794 [INFO] PluginManage:310 - Check plugin memorymap
2024-01-25 20:34:13,804 [INFO] PluginManage:359 - Loaded plugin memorymap (category:base,tabindex:4)
2024-01-25 20:34:13,804 [INFO] PluginManage:310 - Check plugin pinoutandconfiguration
2024-01-25 20:34:13,812 [INFO] PluginManage:359 - Loaded plugin pinoutandconfiguration (category:base,tabindex:1)
2024-01-25 20:34:13,813 [INFO] PluginManage:310 - Check plugin pinoutconfig
2024-01-25 20:34:14,013 [WARN] SupportedApi:132 - Cannot load RTOS API schema: s4s-elt-must-match.1: The content of 'definitions' must match (annotation?, (simpleType | complexType)?, (unique | key | keyref)*)). A problem was found starting at: attribute.
2024-01-25 20:34:14,153 [INFO] PluginManage:359 - Loaded plugin pinoutconfig (category:base,tabindex:0)
2024-01-25 20:34:14,153 [INFO] PluginManage:310 - Check plugin power
2024-01-25 20:34:14,168 [INFO] PluginManage:359 - Loaded plugin power (category:power,tabindex:4)
2024-01-25 20:34:14,168 [INFO] PluginManage:310 - Check plugin projectmanager
2024-01-25 20:34:14,188 [INFO] PluginManage:359 - Loaded plugin projectmanager (category:projectmanager,tabindex:3)
2024-01-25 20:34:14,188 [INFO] PluginManage:310 - Check plugin thirdparty
2024-01-25 20:34:14,336 [WARN] IntegrityCheckThread:84 - waiting for thirdparty lock release [integrity check]
2024-01-25 20:34:14,336 [INFO] IntegrityCheckThread:86 - entering critical section [integrity check]
2024-01-25 20:34:14,337 [INFO] ThirdPartyUpdaterWithRetryManager:70 - Updater plugin not ready yet. [1/15]
2024-01-25 20:34:14,337 [INFO] PluginManage:359 - Loaded plugin thirdparty (category:base,tabindex:-1)
2024-01-25 20:34:14,338 [INFO] PluginManage:310 - Check plugin tools
2024-01-25 20:34:14,341 [INFO] PluginManage:359 - Loaded plugin tools (category:base,tabindex:7)
2024-01-25 20:34:14,341 [INFO] PluginManage:310 - Check plugin tutovideos
2024-01-25 20:34:14,560 [INFO] PluginManage:359 - Loaded plugin tutovideos (category:base,tabindex:-1)
2024-01-25 20:34:14,560 [INFO] PluginManage:310 - Check plugin updater
2024-01-25 20:34:14,583 [INFO] PluginManage:359 - Loaded plugin updater (category:base,tabindex:12)
2024-01-25 20:34:14,583 [INFO] PluginManage:310 - Check plugin userauth
2024-01-25 20:34:14,588 [INFO] UserAuth:113 - Init User Auth plugin
2024-01-25 20:34:14,588 [INFO] PluginManage:359 - Loaded plugin userauth (category:base,tabindex:14)
2024-01-25 20:34:14,591 [INFO] PluginManage:283 - PluginManage : Loaded plugins [17]
2024-01-25 20:34:14,860 [INFO] PinOutPanel:1499 - setPackage(No Configuration,No Configuration)
2024-01-25 20:34:14,991 [INFO] CADModel:165 - CPN selected for project level
2024-01-25 20:34:14,991 [INFO] CADModel:114 - Register for checkConnection events
2024-01-25 20:34:15,006 [INFO] IPUIPlugin:80 - create IPUIPlugin
2024-01-25 20:34:15,006 [INFO] PluginManager:220 - loadIPPluginJar : add adc
2024-01-25 20:34:15,008 [INFO] IPUIPlugin:80 - create IPUIPlugin
2024-01-25 20:34:15,008 [INFO] PluginManager:220 - loadIPPluginJar : add aes
2024-01-25 20:34:15,011 [INFO] IPUIPlugin:80 - create IPUIPlugin
2024-01-25 20:34:15,011 [INFO] PluginManager:220 - loadIPPluginJar : add can
2024-01-25 20:34:15,012 [INFO] IPUIPlugin:80 - create IPUIPlugin
2024-01-25 20:34:15,013 [INFO] PluginManager:220 - loadIPPluginJar : add comp
2024-01-25 20:34:15,015 [INFO] IPUIPlugin:80 - create IPUIPlugin
2024-01-25 20:34:15,015 [INFO] PluginManager:220 - loadIPPluginJar : add cryp
2024-01-25 20:34:15,017 [INFO] IPUIPlugin:80 - create IPUIPlugin
2024-01-25 20:34:15,017 [INFO] PluginManager:220 - loadIPPluginJar : add dfsdm
2024-01-25 20:34:15,023 [INFO] IPUIPlugin:80 - create IPUIPlugin
2024-01-25 20:34:15,024 [INFO] PluginManager:220 - loadIPPluginJar : add dma
2024-01-25 20:34:15,026 [INFO] IPUIPlugin:80 - create IPUIPlugin
2024-01-25 20:34:15,026 [INFO] PluginManager:220 - loadIPPluginJar : add dma3
2024-01-25 20:34:15,041 [INFO] IPUIPlugin:80 - create IPUIPlugin
2024-01-25 20:34:15,041 [INFO] PluginManager:220 - loadIPPluginJar : add fatfs
2024-01-25 20:34:15,046 [INFO] IPUIPlugin:80 - create IPUIPlugin
2024-01-25 20:34:15,046 [INFO] PluginManager:220 - loadIPPluginJar : add fmc
2024-01-25 20:34:15,051 [INFO] IPUIPlugin:80 - create IPUIPlugin
2024-01-25 20:34:15,051 [INFO] PluginManager:220 - loadIPPluginJar : add freertos
2024-01-25 20:34:15,052 [INFO] IPUIPlugin:80 - create IPUIPlugin
2024-01-25 20:34:15,053 [INFO] PluginManager:220 - loadIPPluginJar : add genericplugin
2024-01-25 20:34:15,054 [INFO] IPUIPlugin:80 - create IPUIPlugin
2024-01-25 20:34:15,054 [INFO] PluginManager:220 - loadIPPluginJar : add gfxmmu
2024-01-25 20:34:15,058 [INFO] IPUIPlugin:80 - create IPUIPlugin
2024-01-25 20:34:15,059 [INFO] PluginManager:220 - loadIPPluginJar : add gic
2024-01-25 20:34:15,064 [INFO] IPUIPlugin:80 - create IPUIPlugin
2024-01-25 20:34:15,064 [INFO] PluginManager:220 - loadIPPluginJar : add gpio
2024-01-25 20:34:15,066 [INFO] IPUIPlugin:80 - create IPUIPlugin
2024-01-25 20:34:15,066 [INFO] PluginManager:220 - loadIPPluginJar : add gtzc
2024-01-25 20:34:15,069 [INFO] IPUIPlugin:80 - create IPUIPlugin
2024-01-25 20:34:15,069 [INFO] PluginManager:220 - loadIPPluginJar : add hash
2024-01-25 20:34:15,072 [INFO] IPUIPlugin:80 - create IPUIPlugin
2024-01-25 20:34:15,072 [INFO] PluginManager:220 - loadIPPluginJar : add i2c
2024-01-25 20:34:15,074 [INFO] IPUIPlugin:80 - create IPUIPlugin
2024-01-25 20:34:15,074 [INFO] PluginManager:220 - loadIPPluginJar : add i2s
2024-01-25 20:34:15,077 [INFO] IPUIPlugin:80 - create IPUIPlugin
2024-01-25 20:34:15,077 [INFO] PluginManager:220 - loadIPPluginJar : add i3c
2024-01-25 20:34:15,079 [INFO] IPUIPlugin:80 - create IPUIPlugin
2024-01-25 20:34:15,080 [INFO] PluginManager:220 - loadIPPluginJar : add ipddr
2024-01-25 20:34:15,092 [INFO] IPUIPlugin:80 - create IPUIPlugin
2024-01-25 20:34:15,092 [INFO] PluginManager:220 - loadIPPluginJar : add linkedlist
2024-01-25 20:34:15,095 [INFO] IPUIPlugin:80 - create IPUIPlugin
2024-01-25 20:34:15,095 [INFO] PluginManager:220 - loadIPPluginJar : add lorawan
2024-01-25 20:34:15,096 [INFO] IPUIPlugin:80 - create IPUIPlugin
2024-01-25 20:34:15,096 [INFO] PluginManager:220 - loadIPPluginJar : add ltdc
2024-01-25 20:34:15,103 [INFO] IPUIPlugin:80 - create IPUIPlugin
2024-01-25 20:34:15,103 [INFO] PluginManager:220 - loadIPPluginJar : add mdma
2024-01-25 20:34:15,114 [INFO] IPUIPlugin:80 - create IPUIPlugin
2024-01-25 20:34:15,114 [INFO] PluginManager:220 - loadIPPluginJar : add nvic
2024-01-25 20:34:15,119 [INFO] IPUIPlugin:80 - create IPUIPlugin
2024-01-25 20:34:15,119 [INFO] PluginManager:220 - loadIPPluginJar : add opamp
2024-01-25 20:34:15,122 [INFO] IPUIPlugin:80 - create IPUIPlugin
2024-01-25 20:34:15,122 [INFO] PluginManager:220 - loadIPPluginJar : add openamp
2024-01-25 20:34:15,124 [INFO] IPUIPlugin:80 - create IPUIPlugin
2024-01-25 20:34:15,125 [INFO] PluginManager:220 - loadIPPluginJar : add pdm2pcm
2024-01-25 20:34:15,131 [INFO] IPUIPlugin:80 - create IPUIPlugin
2024-01-25 20:34:15,136 [INFO] PluginManager:220 - loadIPPluginJar : add plateformsettings
2024-01-25 20:34:15,138 [INFO] IPUIPlugin:80 - create IPUIPlugin
2024-01-25 20:34:15,138 [INFO] PluginManager:220 - loadIPPluginJar : add quadspi
2024-01-25 20:34:15,141 [INFO] IPUIPlugin:80 - create IPUIPlugin
2024-01-25 20:34:15,141 [INFO] PluginManager:220 - loadIPPluginJar : add resmgrutility
2024-01-25 20:34:15,143 [INFO] IPUIPlugin:80 - create IPUIPlugin
2024-01-25 20:34:15,144 [INFO] PluginManager:220 - loadIPPluginJar : add sai
2024-01-25 20:34:15,145 [INFO] IPUIPlugin:80 - create IPUIPlugin
2024-01-25 20:34:15,145 [INFO] PluginManager:220 - loadIPPluginJar : add spi
2024-01-25 20:34:15,150 [INFO] IPUIPlugin:80 - create IPUIPlugin
2024-01-25 20:34:15,150 [INFO] PluginManager:220 - loadIPPluginJar : add stm32_wpan
2024-01-25 20:34:15,153 [INFO] IPUIPlugin:80 - create IPUIPlugin
2024-01-25 20:34:15,153 [INFO] PluginManager:220 - loadIPPluginJar : add tim
2024-01-25 20:34:15,156 [INFO] IPUIPlugin:80 - create IPUIPlugin
2024-01-25 20:34:15,156 [INFO] PluginManager:220 - loadIPPluginJar : add touchsensing
2024-01-25 20:34:15,157 [INFO] IPUIPlugin:80 - create IPUIPlugin
2024-01-25 20:34:15,157 [INFO] PluginManager:220 - loadIPPluginJar : add tracer_emb
2024-01-25 20:34:15,159 [INFO] IPUIPlugin:80 - create IPUIPlugin
2024-01-25 20:34:15,159 [INFO] PluginManager:220 - loadIPPluginJar : add ts
2024-01-25 20:34:15,161 [INFO] IPUIPlugin:80 - create IPUIPlugin
2024-01-25 20:34:15,162 [INFO] PluginManager:220 - loadIPPluginJar : add tsc
2024-01-25 20:34:15,162 [INFO] IPUIPlugin:80 - create IPUIPlugin
2024-01-25 20:34:15,162 [INFO] PluginManager:220 - loadIPPluginJar : add ucpd
2024-01-25 20:34:15,164 [INFO] IPUIPlugin:80 - create IPUIPlugin
2024-01-25 20:34:15,164 [INFO] PluginManager:220 - loadIPPluginJar : add usart
2024-01-25 20:34:15,167 [INFO] IPUIPlugin:80 - create IPUIPlugin
2024-01-25 20:34:15,167 [INFO] PluginManager:220 - loadIPPluginJar : add usbx
2024-01-25 20:34:15,289 [INFO] CADModel:165 - CPN selected for project level
2024-01-25 20:34:15,289 [INFO] CADModel:114 - Register for checkConnection events
2024-01-25 20:34:15,290 [FATAL] Updater:308 - Updater called before beeing initialized
2024-01-25 20:34:15,290 [ERROR] CADModel:125 - Updater not yet initialized, retry later 
2024-01-25 20:34:15,503 [INFO] CADModel:165 - CPN selected for project level
2024-01-25 20:34:15,503 [INFO] CADModel:114 - Register for checkConnection events
2024-01-25 20:34:15,503 [FATAL] Updater:308 - Updater called before beeing initialized
2024-01-25 20:34:15,503 [ERROR] CADModel:125 - Updater not yet initialized, retry later 
2024-01-25 20:34:15,507 [FATAL] Updater:308 - Updater called before beeing initialized
2024-01-25 20:34:15,610 [FATAL] Updater:308 - Updater called before beeing initialized
2024-01-25 20:34:15,615 [INFO] DbMcusAds:53 - JSON generation date=Wed Nov 29 05:52:27 EST 2023 (1701255147200)
2024-01-25 20:34:15,615 [FATAL] Updater:308 - Updater called before beeing initialized
2024-01-25 20:34:15,649 [WARN] DetailPanel:346 - Failed to get advertising image, set to default
2024-01-25 20:34:15,746 [FATAL] Updater:308 - Updater called before beeing initialized
2024-01-25 20:34:15,748 [FATAL] Updater:308 - Updater called before beeing initialized
2024-01-25 20:34:15,748 [FATAL] Updater:308 - Updater called before beeing initialized
2024-01-25 20:34:15,748 [WARN] DetailPanel:346 - Failed to get advertising image, set to default
2024-01-25 20:34:15,749 [FATAL] Updater:308 - Updater called before beeing initialized
2024-01-25 20:34:15,817 [ERROR] Updater:1120 - MainUpdater not yet initialized. External WinMGr cannot be set.
2024-01-25 20:34:15,819 [INFO] Updater:1056 - Updater Version found : 6.9.2
2024-01-25 20:34:15,846 [INFO] ApplicationProperties:184 - Using Application install path: C:\ST\STM32CubeIDE_1.13.2\STM32CubeIDE\plugins\com.st.stm32cube.common.mx_6.9.2.202309101412
2024-01-25 20:34:15,991 [INFO] MainUpdater:2868 - connection check result : 10
2024-01-25 20:34:15,992 [INFO] MainUpdater:285 - Updater Check For Update Now.
2024-01-25 20:34:15,992 [INFO] MicroXplorer:498 - Change Database Version : DB.6.0.92
2024-01-25 20:34:16,031 [INFO] McuFinderGlobals:63 - Set McuFinder mode to 2 (CubeIDE integrated)
2024-01-25 20:34:16,031 [INFO] UserAuth:179 - activating auth plugin
2024-01-25 20:34:16,036 [INFO] UserAuth:393 - Internet connection configuration mode: 1
2024-01-25 20:34:16,086 [INFO] JxBrowserEngine:151 - Initiate JxBrowser Engine with user profile folder
2024-01-25 20:34:16,178 [INFO] CheckServerUpdateThread:120 - End of CheckServer Thread
2024-01-25 20:34:16,926 [INFO] WebApp:157 - Instantiating new browser for Auth
2024-01-25 20:34:17,537 [WARN] PackLoader:240 - Cannot read IP mode file for STMicroelectronics.X-CUBE-SMBUS.2.1.0
2024-01-25 20:34:17,549 [WARN] PackLoader:240 - Cannot read IP mode file for STMicroelectronics.X-CUBE-TOUCHGFX.4.23.0
2024-01-25 20:34:17,591 [WARN] PackLoader:240 - Cannot read IP mode file for STMicroelectronics.X-CUBE-AZRTOS-F7.1.1.0
2024-01-25 20:34:17,606 [WARN] PackLoader:240 - Cannot read IP mode file for STMicroelectronics.FP-SNS-MOTENV1.4.3.2
2024-01-25 20:34:17,616 [WARN] PackLoader:240 - Cannot read IP mode file for STMicroelectronics.FP-SNS-FLIGHT1.5.0.2
2024-01-25 20:34:17,628 [WARN] PackLoader:240 - Cannot read IP mode file for STMicroelectronics.X-CUBE-DISPLAY.3.0.0
2024-01-25 20:34:17,651 [WARN] PackLoader:240 - Cannot read IP mode file for STMicroelectronics.X-CUBE-BLE1.7.0.0
2024-01-25 20:34:17,662 [WARN] PackLoader:240 - Cannot read IP mode file for emotas.I-CUBE-CANOPEN.1.3.0
2024-01-25 20:34:17,665 [WARN] PackLoader:240 - Cannot read IP mode file for STMicroelectronics.X-CUBE-TOUCHGFX.4.22.1
2024-01-25 20:34:17,672 [WARN] PackLoader:240 - Cannot read IP mode file for STMicroelectronics.FP-SNS-SMARTAG2.1.2.0
2024-01-25 20:34:17,693 [INFO] LogOutputStream:77 - [STDOUT_REDIRECT] 1 : Invalid condition id : UX_CORESTACK_Condition cause : null
2024-01-25 20:34:17,694 [INFO] LogOutputStream:77 - [STDOUT_REDIRECT] 1 : Invalid condition id : UX_CORESTACK_Condition cause : null
2024-01-25 20:34:17,696 [INFO] LogOutputStream:77 - [STDOUT_REDIRECT] 1 : Invalid condition id : UX_CORESTACK_Condition cause : null
2024-01-25 20:34:17,698 [INFO] LogOutputStream:77 - [STDOUT_REDIRECT] 1 : Invalid condition id : UX_CORESTACK_Condition cause : null
2024-01-25 20:34:17,700 [INFO] LogOutputStream:77 - [STDOUT_REDIRECT] 1 : Invalid condition id : UX_CORESTACK_Condition cause : null
2024-01-25 20:34:17,705 [WARN] PackLoader:240 - Cannot read IP mode file for STMicroelectronics.X-CUBE-AZRTOS-WL.2.0.0
2024-01-25 20:34:17,724 [WARN] PackLoader:240 - Cannot read IP mode file for WES.I-CUBE-Cesium.1.3.0
2024-01-25 20:34:17,731 [WARN] PackLoader:240 - Cannot read IP mode file for STMicroelectronics.X-CUBE-BLE2.3.3.0
2024-01-25 20:34:17,740 [WARN] PackLoader:240 - Cannot read IP mode file for STMicroelectronics.X-CUBE-ALGOBUILD.1.3.0
2024-01-25 20:34:17,770 [WARN] PackLoader:240 - Cannot read IP mode file for STMicroelectronics.X-CUBE-AZRTOS-G0.1.1.0
2024-01-25 20:34:17,783 [WARN] PackLoader:240 - Cannot read IP mode file for STMicroelectronics.X-CUBE-NFC4.3.0.0
2024-01-25 20:34:17,795 [WARN] PackLoader:240 - Cannot read IP mode file for STMicroelectronics.X-CUBE-BLEMGR.3.0.0
2024-01-25 20:34:17,802 [WARN] PackLoader:240 - Cannot read IP mode file for STMicroelectronics.FP-ATR-SIGFOX1.3.2.0
2024-01-25 20:34:17,809 [INFO] WebApp:753 - Register for checkConnection events
2024-01-25 20:34:17,809 [INFO] WebApp:390 - Apply proxy settings
2024-01-25 20:34:17,810 [INFO] WebApp:475 - Chromium requires no authentication
2024-01-25 20:34:17,866 [WARN] PackLoader:240 - Cannot read IP mode file for SEGGER.I-CUBE-embOS.1.3.1
2024-01-25 20:34:17,887 [INFO] WebApp:418 - Direct internet connection detected
2024-01-25 20:34:17,914 [WARN] PackLoader:240 - Cannot read IP mode file for STMicroelectronics.X-CUBE-GNSS1.6.0.0
2024-01-25 20:34:17,936 [WARN] PackLoader:240 - Cannot read IP mode file for STMicroelectronics.X-CUBE-AZRTOS-F4.1.1.0
2024-01-25 20:34:17,943 [WARN] PackLoader:240 - Cannot read IP mode file for wolfSSL.I-CUBE-wolfSSL.5.6.4
2024-01-25 20:34:17,962 [WARN] PackLoader:240 - Cannot read IP mode file for STMicroelectronics.X-CUBE-AZRTOS-L5.2.0.0
2024-01-25 20:34:17,972 [WARN] PackLoader:240 - Cannot read IP mode file for STMicroelectronics.X-CUBE-EEPRMA1.4.2.0
2024-01-25 20:34:17,980 [WARN] PackLoader:240 - Cannot read IP mode file for ITTIA_DB.I-CUBE-ITTIADB.8.8.0
2024-01-25 20:34:17,999 [WARN] ConditionMgr:438 - getConditionDescription Invalid condition id : UX DEVICE CLASS RTOS Condition cause : null
2024-01-25 20:34:17,999 [WARN] ConditionMgr:438 - getConditionDescription Invalid condition id : UX DEVICE CLASS RTOS Condition cause : null
2024-01-25 20:34:18,003 [WARN] PackLoader:240 - Cannot read IP mode file for STMicroelectronics.X-CUBE-AZRTOS-H7.3.1.0
2024-01-25 20:34:18,004 [WARN] ConditionMgr:1039 - genDependencies : Invalid condition id : UX DEVICE CLASS RTOS Condition cause : null
2024-01-25 20:34:18,005 [WARN] ConditionMgr:1039 - genDependencies : Invalid condition id : UX DEVICE CLASS RTOS Condition cause : null
2024-01-25 20:34:18,005 [WARN] ConditionMgr:1039 - genDependencies : Invalid condition id : UX DEVICE CLASS RTOS Condition cause : null
2024-01-25 20:34:18,006 [WARN] ConditionMgr:1039 - genDependencies : Invalid condition id : UX DEVICE CLASS RTOS Condition cause : null
2024-01-25 20:34:18,006 [WARN] ConditionMgr:1039 - genDependencies : Invalid condition id : UX DEVICE CLASS RTOS Condition cause : null
2024-01-25 20:34:18,015 [WARN] PackLoader:240 - Cannot read IP mode file for STMicroelectronics.X-CUBE-NFC7.1.0.1
2024-01-25 20:34:18,024 [WARN] PackLoader:240 - Cannot read IP mode file for STMicroelectronics.X-CUBE-NFC6.3.0.0
2024-01-25 20:34:18,032 [WARN] PackLoader:240 - Cannot read IP mode file for STMicroelectronics.X-CUBE-AI.8.1.0
2024-01-25 20:34:18,054 [WARN] ConditionMgr:438 - getConditionDescription Invalid condition id : LAN8742 Phy interface Condition cause : null
2024-01-25 20:34:18,056 [WARN] PackLoader:240 - Cannot read IP mode file for STMicroelectronics.X-CUBE-AZRTOS-L4.2.0.0
2024-01-25 20:34:18,057 [WARN] ConditionMgr:1039 - genDependencies : Invalid condition id : LAN8742 Phy interface Condition cause : null
2024-01-25 20:34:18,057 [WARN] ConditionMgr:1039 - genDependencies : Invalid condition id : LAN8742 Phy interface Condition cause : null
2024-01-25 20:34:18,058 [WARN] ConditionMgr:1039 - genDependencies : Invalid condition id : LAN8742 Phy interface Condition cause : null
2024-01-25 20:34:18,067 [WARN] PackLoader:240 - Cannot read IP mode file for STMicroelectronics.X-CUBE-SFXS2LP1.4.0.0
2024-01-25 20:34:18,073 [WARN] PackLoader:240 - Cannot read IP mode file for STMicroelectronics.X-CUBE-ISPU.1.1.0
2024-01-25 20:34:18,086 [WARN] ConditionMgr:438 - getConditionDescription Invalid condition id : UX DEVICE CLASS RTOS Condition cause : null
2024-01-25 20:34:18,086 [WARN] ConditionMgr:438 - getConditionDescription Invalid condition id : UX DEVICE CLASS RTOS Condition cause : null
2024-01-25 20:34:18,089 [WARN] PackLoader:240 - Cannot read IP mode file for STMicroelectronics.X-CUBE-AZRTOS-WB.2.0.0
2024-01-25 20:34:18,089 [WARN] ConditionMgr:1039 - genDependencies : Invalid condition id : UX DEVICE CLASS RTOS Condition cause : null
2024-01-25 20:34:18,089 [WARN] ConditionMgr:1039 - genDependencies : Invalid condition id : UX DEVICE CLASS RTOS Condition cause : null
2024-01-25 20:34:18,090 [WARN] ConditionMgr:1039 - genDependencies : Invalid condition id : UX DEVICE CLASS RTOS Condition cause : null
2024-01-25 20:34:18,095 [WARN] ConditionMgr:1039 - genDependencies : Invalid condition id : UX DEVICE CLASS RTOS Condition cause : null
2024-01-25 20:34:18,095 [WARN] ConditionMgr:1039 - genDependencies : Invalid condition id : UX DEVICE CLASS RTOS Condition cause : null
2024-01-25 20:34:18,108 [WARN] PackLoader:240 - Cannot read IP mode file for STMicroelectronics.X-CUBE-SUBG2.5.0.0
2024-01-25 20:34:18,120 [WARN] PackLoader:240 - Cannot read IP mode file for STMicroelectronics.X-CUBE-TOF1.3.3.1
2024-01-25 20:34:18,138 [WARN] PackLoader:240 - Cannot read IP mode file for STMicroelectronics.X-CUBE-AZRTOS-G4.2.0.0
2024-01-25 20:34:18,151 [WARN] PackLoader:240 - Cannot read IP mode file for Infineon.AIROC-Wi-Fi-Bluetooth-STM32.1.5.1
2024-01-25 20:34:18,157 [WARN] PackLoader:240 - Cannot read IP mode file for STMicroelectronics.FP-SNS-MOTENVWB1.1.3.0
2024-01-25 20:34:18,160 [WARN] PackLoader:240 - Cannot read IP mode file for STMicroelectronics.FP-SNS-MOTENVWB1.1.3.1
2024-01-25 20:34:18,164 [WARN] PackLoader:240 - Cannot read IP mode file for STMicroelectronics.X-CUBE-ISPU.2.0.0
2024-01-25 20:34:18,200 [WARN] PackLoader:240 - Cannot read IP mode file for STMicroelectronics.X-CUBE-MEMS1.10.0.0
2024-01-25 20:34:18,312 [WARN] PackLoader:240 - Cannot read IP mode file for STMicroelectronics.X-CUBE-FREERTOS.1.1.0
2024-01-25 20:34:18,319 [WARN] PackLoader:240 - Cannot read IP mode file for portGmbH.I-Cube-SoM-uGOAL.1.1.0
2024-01-25 20:34:18,323 [WARN] PackLoader:240 - Cannot read IP mode file for STMicroelectronics.X-CUBE-ALS.1.0.1
2024-01-25 20:34:18,328 [WARN] PackLoader:240 - Cannot read IP mode file for STMicroelectronics.FP-ATR-ASTRA1.2.0.0
2024-01-25 20:34:18,335 [WARN] PackLoader:240 - Cannot read IP mode file for STMicroelectronics.X-CUBE-TOF1.3.4.0
2024-01-25 20:34:18,355 [WARN] PackLoader:240 - Cannot read IP mode file for STMicroelectronics.X-CUBE-AZRTOS-H7.3.2.0
2024-01-25 20:34:18,359 [INFO] ThirdParty:978 - Integrity check success = true
2024-01-25 20:34:18,359 [INFO] IntegrityCheckThread:100 - exiting critical section [integrity check]
2024-01-25 20:34:18,359 [INFO] IntegrityCheckThread:103 - End integrity checks thread
2024-01-25 20:34:19,153 [INFO] WebApp:188 - Starting web application
2024-01-25 20:34:19,154 [INFO] WebApp:520 - Web application path used C:\ST\STM32CubeIDE_1.13.2\STM32CubeIDE\plugins\com.st.stm32cube.common.mx_6.9.2.202309101412\db\plugins\mcufinder\reactClient1\index.html
2024-01-25 20:34:40,165 [ERROR] LogOutputStream:75 - [STDERR_REDIRECT] SLF4J: Failed to load class "org.slf4j.impl.StaticLoggerBinder".
2024-01-25 20:34:40,166 [ERROR] LogOutputStream:75 - [STDERR_REDIRECT] SLF4J: Defaulting to no-operation (NOP) logger implementation
2024-01-25 20:34:40,167 [ERROR] LogOutputStream:75 - [STDERR_REDIRECT] SLF4J: See http://www.slf4j.org/codes.html#StaticLoggerBinder for further details.
2024-01-25 20:36:04,985 [ERROR] LogOutputStream:75 - [STDERR_REDIRECT] 
